build/app/intermediates/manifest_merge_blame_file/release/manifest-merger-blame-release-report.txt
1<?xml version="1.0" encoding="utf-8"?>
2<manifest xmlns:android="http://schemas.android.com/apk/res/android"
3    package="com.example.donate"
4    android:versionCode="1"
5    android:versionName="1.0.0" >
6
7    <uses-sdk
8        android:minSdkVersion="19"
8-->src\main\AndroidManifest.xml
9        android:targetSdkVersion="28" />
9-->src\main\AndroidManifest.xml
10
11    <uses-permission android:name="android.permission.INTERNET" />
11-->[:google_sign_in] AndroidManifest.xml:7:5-67
11-->[:google_sign_in] AndroidManifest.xml:7:22-64
12    <uses-permission android:name="android.permission.ACCESS_NETWORK_STATE" />
12-->[com.google.android.gms:play-services-measurement:17.2.2] AndroidManifest.xml:24:5-79
12-->[com.google.android.gms:play-services-measurement:17.2.2] AndroidManifest.xml:24:22-76
13    <uses-permission android:name="android.permission.WAKE_LOCK" />
13-->[com.google.android.gms:play-services-measurement:17.2.2] AndroidManifest.xml:25:5-68
13-->[com.google.android.gms:play-services-measurement:17.2.2] AndroidManifest.xml:25:22-65
14    <uses-permission android:name="com.google.android.finsky.permission.BIND_GET_INSTALL_REFERRER_SERVICE" /> <!-- Required by older versions of Google Play services to create IID tokens -->
14-->[com.google.android.gms:play-services-measurement:17.2.2] AndroidManifest.xml:26:5-110
14-->[com.google.android.gms:play-services-measurement:17.2.2] AndroidManifest.xml:26:22-107
15    <uses-permission android:name="com.google.android.c2dm.permission.RECEIVE" />
15-->[com.google.firebase:firebase-iid:20.0.2] AndroidManifest.xml:26:5-82
15-->[com.google.firebase:firebase-iid:20.0.2] AndroidManifest.xml:26:22-79
16    <!--
17 io.flutter.app.FlutterApplication is an android.app.Application that
18         calls FlutterMain.startInitialization(this); in its onCreate method.
19         In most cases you can leave this as-is, but you if you want to provide
20         additional functionality it is fine to subclass or reimplement
21         FlutterApplication and put your custom class here.
22    -->
23    <application
23-->src\main\AndroidManifest.xml:8:5-46:19
24        android:name="io.flutter.app.FlutterApplication"
24-->src\main\AndroidManifest.xml:9:9-57
25        android:appComponentFactory="androidx.core.app.CoreComponentFactory"
25-->[androidx.core:core:1.1.0] AndroidManifest.xml:24:18-86
26        android:icon="@mipmap/ic_launcher"
26-->src\main\AndroidManifest.xml:11:9-43
27        android:label="donate" >
27-->src\main\AndroidManifest.xml:10:9-31
28        <activity
28-->src\main\AndroidManifest.xml:12:9-40:20
29            android:name="com.example.donate.MainActivity"
29-->src\main\AndroidManifest.xml:13:13-41
30            android:configChanges="orientation|keyboardHidden|keyboard|screenSize|smallestScreenSize|locale|layoutDirection|fontScale|screenLayout|density|uiMode"
30-->src\main\AndroidManifest.xml:16:13-163
31            android:hardwareAccelerated="true"
31-->src\main\AndroidManifest.xml:17:13-47
32            android:launchMode="singleTop"
32-->src\main\AndroidManifest.xml:14:13-43
33            android:theme="@style/LaunchTheme"
33-->src\main\AndroidManifest.xml:15:13-47
34            android:windowSoftInputMode="adjustResize" >
34-->src\main\AndroidManifest.xml:18:13-55
35
36            <!--
37                 Specifies an Android theme to apply to this Activity as soon as
38                 the Android process has started. This theme is visible to the user
39                 while the Flutter UI initializes. After that, this theme continues
40                 to determine the Window background behind the Flutter UI.
41            -->
42            <meta-data
42-->src\main\AndroidManifest.xml:23:13-26:17
43                android:name="io.flutter.embedding.android.NormalTheme"
43-->src\main\AndroidManifest.xml:24:15-70
44                android:resource="@style/NormalTheme" />
44-->src\main\AndroidManifest.xml:25:15-52
45            <!--
46                 Displays an Android View that continues showing the launch screen
47                 Drawable until Flutter paints its first frame, then this splash
48                 screen fades out. A splash screen is useful to avoid any visual
49                 gap between the end of Android's launch screen and the painting of
50                 Flutter's first frame.
51            -->
52            <meta-data
52-->src\main\AndroidManifest.xml:32:13-35:17
53                android:name="io.flutter.embedding.android.SplashScreenDrawable"
53-->src\main\AndroidManifest.xml:33:15-79
54                android:resource="@drawable/launch_background" />
54-->src\main\AndroidManifest.xml:34:15-61
55
56            <intent-filter>
56-->src\main\AndroidManifest.xml:36:13-39:29
57                <action android:name="android.intent.action.MAIN" />
57-->src\main\AndroidManifest.xml:37:17-68
57-->src\main\AndroidManifest.xml:37:25-66
58
59                <category android:name="android.intent.category.LAUNCHER" />
59-->src\main\AndroidManifest.xml:38:17-76
59-->src\main\AndroidManifest.xml:38:27-74
60            </intent-filter>
61        </activity>
62        <!--
63             Don't delete the meta-data below.
64             This is used by the Flutter tool to generate GeneratedPluginRegistrant.java
65        -->
66        <meta-data
66-->src\main\AndroidManifest.xml:43:9-45:33
67            android:name="flutterEmbedding"
67-->src\main\AndroidManifest.xml:44:13-44
68            android:value="2" />
68-->src\main\AndroidManifest.xml:45:13-30
69
70        <provider
70-->[:flutter_webview_plugin] AndroidManifest.xml:9:9-18:20
71            android:name="androidx.core.content.FileProvider"
71-->[:flutter_webview_plugin] AndroidManifest.xml:10:13-62
72            android:authorities="com.example.donate.fileprovider"
72-->[:flutter_webview_plugin] AndroidManifest.xml:11:13-64
73            android:exported="false"
73-->[:flutter_webview_plugin] AndroidManifest.xml:12:13-37
74            android:grantUriPermissions="true" >
74-->[:flutter_webview_plugin] AndroidManifest.xml:13:13-47
75            <meta-data
75-->[:flutter_webview_plugin] AndroidManifest.xml:15:13-17:53
76                android:name="android.support.FILE_PROVIDER_PATHS"
76-->[:flutter_webview_plugin] AndroidManifest.xml:16:17-67
77                android:resource="@xml/filepaths" />
77-->[:flutter_webview_plugin] AndroidManifest.xml:17:17-50
78        </provider>
79
80        <activity
80-->[:razorpay_flutter] AndroidManifest.xml:8:9-11:20
81            android:name="com.razorpay.CheckoutActivity"
81-->[:razorpay_flutter] AndroidManifest.xml:9:13-57
82            android:configChanges="keyboard|keyboardHidden|orientation|screenSize"
82-->[com.razorpay:checkout:1.5.16] AndroidManifest.xml:20:13-83
83            android:label="Razorpay Checkout"
83-->[:razorpay_flutter] AndroidManifest.xml:10:13-46
84            android:theme="@style/CheckoutTheme" >
84-->[com.razorpay:checkout:1.5.16] AndroidManifest.xml:21:13-49
85            <intent-filter>
85-->[com.razorpay:checkout:1.5.16] AndroidManifest.xml:22:13-28:29
86                <action android:name="android.intent.action.MAIN" />
86-->src\main\AndroidManifest.xml:37:17-68
86-->src\main\AndroidManifest.xml:37:25-66
87
88                <data
88-->[com.razorpay:checkout:1.5.16] AndroidManifest.xml:25:17-27:47
89                    android:host="rzp.io"
89-->[com.razorpay:checkout:1.5.16] AndroidManifest.xml:26:21-42
90                    android:scheme="io.rzp" />
90-->[com.razorpay:checkout:1.5.16] AndroidManifest.xml:27:21-44
91            </intent-filter>
92        </activity>
93        <activity
93-->[:url_launcher] AndroidManifest.xml:8:9-11:74
94            android:name="io.flutter.plugins.urllauncher.WebViewActivity"
94-->[:url_launcher] AndroidManifest.xml:9:13-74
95            android:exported="false"
95-->[:url_launcher] AndroidManifest.xml:10:13-37
96            android:theme="@android:style/Theme.NoTitleBar.Fullscreen" />
96-->[:url_launcher] AndroidManifest.xml:11:13-71
97
98        <service
98-->[:firebase_auth] AndroidManifest.xml:8:9-12:19
99            android:name="com.google.firebase.components.ComponentDiscoveryService"
99-->[:firebase_auth] AndroidManifest.xml:8:18-89
100            android:directBootAware="true"
100-->[com.google.firebase:firebase-common:19.3.0] AndroidManifest.xml:34:13-43
101            android:exported="false" >
101-->[com.google.android.gms:play-services-measurement-api:17.2.2] AndroidManifest.xml:29:13-37
102            <meta-data
102-->[:firebase_auth] AndroidManifest.xml:9:13-11:85
103                android:name="com.google.firebase.components:io.flutter.plugins.firebaseauth.FlutterFirebaseAppRegistrar"
103-->[:firebase_auth] AndroidManifest.xml:10:17-122
104                android:value="com.google.firebase.components.ComponentRegistrar" />
104-->[:firebase_auth] AndroidManifest.xml:11:17-82
105            <meta-data
105-->[:firebase_core] AndroidManifest.xml:9:13-11:85
106                android:name="com.google.firebase.components:io.flutter.plugins.firebase.core.FlutterFirebaseAppRegistrar"
106-->[:firebase_core] AndroidManifest.xml:10:17-123
107                android:value="com.google.firebase.components.ComponentRegistrar" />
107-->[:firebase_core] AndroidManifest.xml:11:17-82
108            <meta-data
108-->[com.google.android.gms:play-services-measurement-api:17.2.2] AndroidManifest.xml:30:13-32:85
109                android:name="com.google.firebase.components:com.google.firebase.analytics.connector.internal.AnalyticsConnectorRegistrar"
109-->[com.google.android.gms:play-services-measurement-api:17.2.2] AndroidManifest.xml:31:17-139
110                android:value="com.google.firebase.components.ComponentRegistrar" />
110-->[com.google.android.gms:play-services-measurement-api:17.2.2] AndroidManifest.xml:32:17-82
111            <meta-data
111-->[com.google.firebase:firebase-auth:19.2.0] AndroidManifest.xml:36:13-38:85
112                android:name="com.google.firebase.components:com.google.firebase.auth.FirebaseAuthRegistrar"
112-->[com.google.firebase:firebase-auth:19.2.0] AndroidManifest.xml:37:17-109
113                android:value="com.google.firebase.components.ComponentRegistrar" />
113-->[com.google.firebase:firebase-auth:19.2.0] AndroidManifest.xml:38:17-82
114            <meta-data
114-->[com.google.firebase:firebase-iid:20.0.2] AndroidManifest.xml:32:13-34:85
115                android:name="com.google.firebase.components:com.google.firebase.iid.Registrar"
115-->[com.google.firebase:firebase-iid:20.0.2] AndroidManifest.xml:33:17-96
116                android:value="com.google.firebase.components.ComponentRegistrar" />
116-->[com.google.firebase:firebase-iid:20.0.2] AndroidManifest.xml:34:17-82
117        </service>
118
119        <receiver
119-->[com.google.android.gms:play-services-measurement:17.2.2] AndroidManifest.xml:29:9-33:20
120            android:name="com.google.android.gms.measurement.AppMeasurementReceiver"
120-->[com.google.android.gms:play-services-measurement:17.2.2] AndroidManifest.xml:30:13-85
121            android:enabled="true"
121-->[com.google.android.gms:play-services-measurement:17.2.2] AndroidManifest.xml:31:13-35
122            android:exported="false" >
122-->[com.google.android.gms:play-services-measurement:17.2.2] AndroidManifest.xml:32:13-37
123        </receiver>
124        <receiver
124-->[com.google.android.gms:play-services-measurement:17.2.2] AndroidManifest.xml:34:9-42:20
125            android:name="com.google.android.gms.measurement.AppMeasurementInstallReferrerReceiver"
125-->[com.google.android.gms:play-services-measurement:17.2.2] AndroidManifest.xml:35:13-100
126            android:enabled="true"
126-->[com.google.android.gms:play-services-measurement:17.2.2] AndroidManifest.xml:36:13-35
127            android:exported="true"
127-->[com.google.android.gms:play-services-measurement:17.2.2] AndroidManifest.xml:37:13-36
128            android:permission="android.permission.INSTALL_PACKAGES" >
128-->[com.google.android.gms:play-services-measurement:17.2.2] AndroidManifest.xml:38:13-69
129            <intent-filter>
129-->[com.google.android.gms:play-services-measurement:17.2.2] AndroidManifest.xml:39:13-41:29
130                <action android:name="com.android.vending.INSTALL_REFERRER" />
130-->[com.google.android.gms:play-services-measurement:17.2.2] AndroidManifest.xml:40:17-79
130-->[com.google.android.gms:play-services-measurement:17.2.2] AndroidManifest.xml:40:25-76
131            </intent-filter>
132        </receiver>
133
134        <service
134-->[com.google.android.gms:play-services-measurement:17.2.2] AndroidManifest.xml:44:9-47:40
135            android:name="com.google.android.gms.measurement.AppMeasurementService"
135-->[com.google.android.gms:play-services-measurement:17.2.2] AndroidManifest.xml:45:13-84
136            android:enabled="true"
136-->[com.google.android.gms:play-services-measurement:17.2.2] AndroidManifest.xml:46:13-35
137            android:exported="false" />
137-->[com.google.android.gms:play-services-measurement:17.2.2] AndroidManifest.xml:47:13-37
138        <service
138-->[com.google.android.gms:play-services-measurement:17.2.2] AndroidManifest.xml:48:9-52:72
139            android:name="com.google.android.gms.measurement.AppMeasurementJobService"
139-->[com.google.android.gms:play-services-measurement:17.2.2] AndroidManifest.xml:49:13-87
140            android:enabled="true"
140-->[com.google.android.gms:play-services-measurement:17.2.2] AndroidManifest.xml:50:13-35
141            android:exported="false"
141-->[com.google.android.gms:play-services-measurement:17.2.2] AndroidManifest.xml:51:13-37
142            android:permission="android.permission.BIND_JOB_SERVICE" />
142-->[com.google.android.gms:play-services-measurement:17.2.2] AndroidManifest.xml:52:13-69
143
144        <activity
144-->[com.google.android.gms:play-services-auth:16.0.1] AndroidManifest.xml:23:9-27:75
145            android:name="com.google.android.gms.auth.api.signin.internal.SignInHubActivity"
145-->[com.google.android.gms:play-services-auth:16.0.1] AndroidManifest.xml:24:13-93
146            android:excludeFromRecents="true"
146-->[com.google.android.gms:play-services-auth:16.0.1] AndroidManifest.xml:25:13-46
147            android:exported="false"
147-->[com.google.android.gms:play-services-auth:16.0.1] AndroidManifest.xml:26:13-37
148            android:theme="@android:style/Theme.Translucent.NoTitleBar" />
148-->[com.google.android.gms:play-services-auth:16.0.1] AndroidManifest.xml:27:13-72
149        <!--
150            Service handling Google Sign-In user revocation. For apps that do not integrate with
151            Google Sign-In, this service will never be started.
152        -->
153        <service
153-->[com.google.android.gms:play-services-auth:16.0.1] AndroidManifest.xml:33:9-36:110
154            android:name="com.google.android.gms.auth.api.signin.RevocationBoundService"
154-->[com.google.android.gms:play-services-auth:16.0.1] AndroidManifest.xml:34:13-89
155            android:exported="true"
155-->[com.google.android.gms:play-services-auth:16.0.1] AndroidManifest.xml:35:13-36
156            android:permission="com.google.android.gms.auth.api.signin.permission.REVOCATION_NOTIFICATION" />
156-->[com.google.android.gms:play-services-auth:16.0.1] AndroidManifest.xml:36:13-107
157
158        <receiver android:name="com.razorpay.RzpTokenReceiver" >
158-->[com.razorpay:checkout:1.5.16] AndroidManifest.xml:12:9-16:20
158-->[com.razorpay:checkout:1.5.16] AndroidManifest.xml:12:19-63
159            <intent-filter>
159-->[com.razorpay:checkout:1.5.16] AndroidManifest.xml:13:13-15:29
160                <action android:name="rzp.device_token.share" />
160-->[com.razorpay:checkout:1.5.16] AndroidManifest.xml:14:17-65
160-->[com.razorpay:checkout:1.5.16] AndroidManifest.xml:14:25-62
161            </intent-filter>
162        </receiver>
163
164        <activity
164-->[com.google.firebase:firebase-auth:19.2.0] AndroidManifest.xml:24:9-31:50
165            android:name="com.google.firebase.auth.internal.FederatedSignInActivity"
165-->[com.google.firebase:firebase-auth:19.2.0] AndroidManifest.xml:25:13-85
166            android:excludeFromRecents="true"
166-->[com.google.firebase:firebase-auth:19.2.0] AndroidManifest.xml:26:13-46
167            android:exported="true"
167-->[com.google.firebase:firebase-auth:19.2.0] AndroidManifest.xml:27:13-36
168            android:launchMode="singleTask"
168-->[com.google.firebase:firebase-auth:19.2.0] AndroidManifest.xml:28:13-44
169            android:permission="com.google.firebase.auth.api.gms.permission.LAUNCH_FEDERATED_SIGN_IN"
169-->[com.google.firebase:firebase-auth:19.2.0] AndroidManifest.xml:29:13-102
170            android:theme="@android:style/Theme.Translucent.NoTitleBar" />
170-->[com.google.firebase:firebase-auth:19.2.0] AndroidManifest.xml:30:13-72
171
172        <receiver
172-->[com.google.firebase:firebase-iid:20.0.2] AndroidManifest.xml:37:9-44:20
173            android:name="com.google.firebase.iid.FirebaseInstanceIdReceiver"
173-->[com.google.firebase:firebase-iid:20.0.2] AndroidManifest.xml:38:13-78
174            android:exported="true"
174-->[com.google.firebase:firebase-iid:20.0.2] AndroidManifest.xml:39:13-36
175            android:permission="com.google.android.c2dm.permission.SEND" >
175-->[com.google.firebase:firebase-iid:20.0.2] AndroidManifest.xml:40:13-73
176            <intent-filter>
176-->[com.google.firebase:firebase-iid:20.0.2] AndroidManifest.xml:41:13-43:29
177                <action android:name="com.google.android.c2dm.intent.RECEIVE" />
177-->[com.google.firebase:firebase-iid:20.0.2] AndroidManifest.xml:42:17-81
177-->[com.google.firebase:firebase-iid:20.0.2] AndroidManifest.xml:42:25-78
178            </intent-filter>
179        </receiver>
180
181        <provider
181-->[com.google.firebase:firebase-common:19.3.0] AndroidManifest.xml:26:9-30:39
182            android:name="com.google.firebase.provider.FirebaseInitProvider"
182-->[com.google.firebase:firebase-common:19.3.0] AndroidManifest.xml:27:13-77
183            android:authorities="com.example.donate.firebaseinitprovider"
183-->[com.google.firebase:firebase-common:19.3.0] AndroidManifest.xml:28:13-72
184            android:exported="false"
184-->[com.google.firebase:firebase-common:19.3.0] AndroidManifest.xml:29:13-37
185            android:initOrder="100" />
185-->[com.google.firebase:firebase-common:19.3.0] AndroidManifest.xml:30:13-36
186
187        <activity
187-->[com.google.android.gms:play-services-base:17.1.0] AndroidManifest.xml:23:9-26:75
188            android:name="com.google.android.gms.common.api.GoogleApiActivity"
188-->[com.google.android.gms:play-services-base:17.1.0] AndroidManifest.xml:24:13-79
189            android:exported="false"
189-->[com.google.android.gms:play-services-base:17.1.0] AndroidManifest.xml:25:13-37
190            android:theme="@android:style/Theme.Translucent.NoTitleBar" />
190-->[com.google.android.gms:play-services-base:17.1.0] AndroidManifest.xml:26:13-72
191
192        <meta-data
192-->[com.google.android.gms:play-services-basement:17.0.0] AndroidManifest.xml:23:9-25:69
193            android:name="com.google.android.gms.version"
193-->[com.google.android.gms:play-services-basement:17.0.0] AndroidManifest.xml:24:13-58
194            android:value="@integer/google_play_services_version" />
194-->[com.google.android.gms:play-services-basement:17.0.0] AndroidManifest.xml:25:13-66
195    </application>
196
197</manifest>